<?xml version="1.0" encoding="UTF-8"?>
<!-- Generated by org.testng.reporters.JUnitXMLReporter -->
<testsuite hostname="DESKTOP-NITIN" name="Test" tests="4" failures="1" timestamp="30 Jul 2019 19:02:37 GMT" time="2.235" errors="0">
  <testcase name="testCaseOne" time="0.02" classname="com.test.cases.TestCase1"/>
  <testcase name="readExcel" time="2.166" classname="com.test.cases.TestCase1">
    <failure type="java.util.NoSuchElementException">
      <![CDATA[java.util.NoSuchElementException
	at java.util.TreeMap$PrivateEntryIterator.nextEntry(Unknown Source)
	at java.util.TreeMap$ValueIterator.next(Unknown Source)
	at com.test.cases.TestCase1.readExcel(TestCase1.java:48)
... Removed 24 stack frames]]>
    </failure>
  </testcase> <!-- readExcel -->
  <testcase name="testCaseTwo" time="0.002" classname="com.test.cases.TestCase2"/>
  <testcase name="testCaseTwo2" time="0.001" classname="com.test.cases.TestCase2"/>
</testsuite> <!-- Test -->
