<?xml version="1.0" encoding="UTF-8"?>
<!-- Generated by org.testng.reporters.JUnitXMLReporter -->
<testsuite hostname="DESKTOP-NITIN" name="Test" tests="3" failures="0" timestamp="22 Apr 2019 16:42:22 GMT" time="0.063" errors="0">
  <testcase name="testCaseOne" time="0.017" classname="com.test.cases.TestCase1"/>
  <testcase name="testCaseTwo" time="0.002" classname="com.test.cases.TestCase2"/>
  <testcase name="testCaseTwo2" time="0.002" classname="com.test.cases.TestCase2"/>
</testsuite> <!-- Test -->
